EventlyApp/app/build/outputs/logs/manifest-merger-debug-report.txt
-- Merging decision tree log ---
manifest
ADDED from src/main/AndroidManifest.xml:2:1-89:12
INJECTED from src/main/AndroidManifest.xml:2:1-89:12
INJECTED from src/main/AndroidManifest.xml:2:1-89:12
INJECTED from src/main/AndroidManifest.xml:2:1-89:12
MERGED from [com.airbnb.android:lottie:6.0.0] AndroidManifest.xml:2:1-11:12
MERGED from [com.google.android.material:material:1.9.0] AndroidManifest.xml:17:1-26:12
MERGED from [androidx.constraintlayout:constraintlayout:2.1.4] AndroidManifest.xml:2:1-11:12
MERGED from [androidx.appcompat:appcompat-resources:1.6.1] AndroidManifest.xml:17:1-22:12
MERGED from [androidx.appcompat:appcompat:1.6.1] AndroidManifest.xml:17:1-22:12
MERGED from [com.google.firebase:firebase-auth:21.0.3] AndroidManifest.xml:17:1-73:12
MERGED from [com.google.firebase:firebase-database:20.0.4] AndroidManifest.xml:15:1-38:12
MERGED from [com.google.android.gms:play-services-maps:18.1.0] AndroidManifest.xml:17:1-44:12
MERGED from [com.google.android.gms:play-services-location:19.0.0] AndroidManifest.xml:2:1-9:12
MERGED from [androidx.viewpager2:viewpager2:1.0.0] AndroidManifest.xml:17:1-24:12
MERGED from [com.google.android.gms:play-services-auth-api-phone:17.4.0] AndroidManifest.xml:2:1-7:12
MERGED from [com.google.android.gms:play-services-safetynet:17.0.0] AndroidManifest.xml:17:1-24:12
MERGED from [com.google.firebase:firebase-auth-interop:20.0.0] AndroidManifest.xml:2:1-10:12
MERGED from [com.google.firebase:firebase-appcheck-interop:16.0.0-beta02] AndroidManifest.xml:15:1-26:12
MERGED from [com.google.firebase:firebase-common:20.1.0] AndroidManifest.xml:15:1-40:12
MERGED from [com.google.firebase:firebase-database-collection:18.0.1] AndroidManifest.xml:2:1-9:12
MERGED from [com.google.android.gms:play-services-base:18.0.1] AndroidManifest.xml:16:1-24:12
MERGED from [com.google.android.gms:play-services-tasks:18.0.1] AndroidManifest.xml:2:1-6:12
MERGED from [com.google.android.gms:play-services-places-placereport:17.0.0] AndroidManifest.xml:17:1-24:12
MERGED from [com.google.android.gms:play-services-basement:18.0.0] AndroidManifest.xml:16:1-26:12
MERGED from [androidx.fragment:fragment:1.3.6] AndroidManifest.xml:17:1-24:12
MERGED from [androidx.activity:activity:1.6.0] AndroidManifest.xml:17:1-22:12
MERGED from [androidx.emoji2:emoji2-views-helper:1.2.0] AndroidManifest.xml:2:1-7:12
MERGED from [androidx.emoji2:emoji2:1.2.0] AndroidManifest.xml:17:1-35:12
MERGED from [androidx.browser:browser:1.0.0] AndroidManifest.xml:17:1-22:12
MERGED from [androidx.legacy:legacy-support-core-ui:1.0.0] AndroidManifest.xml:17:1-22:12
MERGED from [androidx.drawerlayout:drawerlayout:1.1.1] AndroidManifest.xml:17:1-24:12
MERGED from [androidx.coordinatorlayout:coordinatorlayout:1.1.0] AndroidManifest.xml:17:1-24:12
MERGED from [androidx.dynamicanimation:dynamicanimation:1.0.0] AndroidManifest.xml:17:1-22:12
MERGED from [androidx.transition:transition:1.2.0] AndroidManifest.xml:17:1-24:12
MERGED from [androidx.vectordrawable:vectordrawable-animated:1.1.0] AndroidManifest.xml:17:1-24:12
MERGED from [androidx.vectordrawable:vectordrawable:1.1.0] AndroidManifest.xml:17:1-24:12
MERGED from [androidx.legacy:legacy-support-core-utils:1.0.0] AndroidManifest.xml:17:1-22:12
MERGED from [androidx.loader:loader:1.0.0] AndroidManifest.xml:17:1-22:12
MERGED from [androidx.lifecycle:lifecycle-viewmodel:2.5.1] AndroidManifest.xml:17:1-24:12
MERGED from [androidx.lifecycle:lifecycle-viewmodel-savedstate:2.5.1] AndroidManifest.xml:17:1-24:12
MERGED from [androidx.core:core-ktx:1.9.0] AndroidManifest.xml:2:1-7:12
MERGED from [androidx.viewpager:viewpager:1.0.0] AndroidManifest.xml:17:1-22:12
MERGED from [androidx.recyclerview:recyclerview:1.1.0] AndroidManifest.xml:17:1-24:12
MERGED from [androidx.slidingpanelayout:slidingpanelayout:1.0.0] AndroidManifest.xml:17:1-22:12
MERGED from [androidx.customview:customview:1.1.0] AndroidManifest.xml:17:1-24:12
MERGED from [androidx.swiperefreshlayout:swiperefreshlayout:1.0.0] AndroidManifest.xml:17:1-22:12
MERGED from [androidx.asynclayoutinflater:asynclayoutinflater:1.0.0] AndroidManifest.xml:17:1-22:12
MERGED from [androidx.core:core:1.9.0] AndroidManifest.xml:17:1-30:12
MERGED from [androidx.cursoradapter:cursoradapter:1.0.0] AndroidManifest.xml:17:1-22:12
MERGED from [androidx.lifecycle:lifecycle-process:2.4.1] AndroidManifest.xml:17:1-37:12
MERGED from [androidx.lifecycle:lifecycle-runtime:2.5.1] AndroidManifest.xml:17:1-24:12
MERGED from [androidx.savedstate:savedstate:1.2.0] AndroidManifest.xml:17:1-24:12
MERGED from [androidx.cardview:cardview:1.0.0] AndroidManifest.xml:17:1-22:12
MERGED from [androidx.localbroadcastmanager:localbroadcastmanager:1.0.0] AndroidManifest.xml:17:1-22:12
MERGED from [com.google.firebase:firebase-components:17.0.0] AndroidManifest.xml:15:1-23:12
MERGED from [androidx.startup:startup-runtime:1.1.1] AndroidManifest.xml:17:1-33:12
MERGED from [androidx.tracing:tracing:1.0.0] AndroidManifest.xml:17:1-24:12
MERGED from [androidx.versionedparcelable:versionedparcelable:1.1.1] AndroidManifest.xml:17:1-27:12
MERGED from [androidx.lifecycle:lifecycle-livedata:2.0.0] AndroidManifest.xml:17:1-22:12
MERGED from [androidx.lifecycle:lifecycle-livedata-core:2.5.1] AndroidManifest.xml:17:1-24:12
MERGED from [androidx.arch.core:core-runtime:2.1.0] AndroidManifest.xml:17:1-24:12
MERGED from [androidx.interpolator:interpolator:1.0.0] AndroidManifest.xml:17:1-22:12
MERGED from [androidx.documentfile:documentfile:1.0.0] AndroidManifest.xml:17:1-22:12
MERGED from [androidx.print:print:1.0.0] AndroidManifest.xml:17:1-22:12
MERGED from [androidx.annotation:annotation-experimental:1.3.0] AndroidManifest.xml:17:1-22:12
	package
		INJECTED from src/main/AndroidManifest.xml
	android:versionName
		INJECTED from src/main/AndroidManifest.xml
	xmlns:tools
		ADDED from src/main/AndroidManifest.xml:3:5-51
	android:versionCode
		INJECTED from src/main/AndroidManifest.xml
	xmlns:android
		ADDED from src/main/AndroidManifest.xml:2:11-69
uses-permission#android.permission.INTERNET
ADDED from src/main/AndroidManifest.xml:5:5-67
MERGED from [com.google.firebase:firebase-auth:21.0.3] AndroidManifest.xml:23:5-67
MERGED from [com.google.firebase:firebase-auth:21.0.3] AndroidManifest.xml:23:5-67
MERGED from [com.google.firebase:firebase-database:20.0.4] AndroidManifest.xml:26:5-67
MERGED from [com.google.firebase:firebase-database:20.0.4] AndroidManifest.xml:26:5-67
MERGED from [com.google.android.gms:play-services-maps:18.1.0] AndroidManifest.xml:24:5-67
MERGED from [com.google.android.gms:play-services-maps:18.1.0] AndroidManifest.xml:24:5-67
	android:name
		ADDED from src/main/AndroidManifest.xml:5:22-64
uses-permission#android.permission.ACCESS_NETWORK_STATE
ADDED from src/main/AndroidManifest.xml:6:5-79
MERGED from [com.google.firebase:firebase-auth:21.0.3] AndroidManifest.xml:24:5-79
MERGED from [com.google.firebase:firebase-auth:21.0.3] AndroidManifest.xml:24:5-79
MERGED from [com.google.firebase:firebase-database:20.0.4] AndroidManifest.xml:25:5-79
MERGED from [com.google.firebase:firebase-database:20.0.4] AndroidManifest.xml:25:5-79
MERGED from [com.google.android.gms:play-services-maps:18.1.0] AndroidManifest.xml:23:5-79
MERGED from [com.google.android.gms:play-services-maps:18.1.0] AndroidManifest.xml:23:5-79
	android:name
		ADDED from src/main/AndroidManifest.xml:6:22-76
uses-permission#android.permission.ACCESS_FINE_LOCATION
ADDED from src/main/AndroidManifest.xml:7:5-79
	android:name
		ADDED from src/main/AndroidManifest.xml:7:22-76
uses-permission#android.permission.ACCESS_COARSE_LOCATION
ADDED from src/main/AndroidManifest.xml:8:5-81
	android:name
		ADDED from src/main/AndroidManifest.xml:8:22-78
application
ADDED from src/main/AndroidManifest.xml:10:5-87:19
INJECTED from src/main/AndroidManifest.xml:10:5-87:19
MERGED from [com.airbnb.android:lottie:6.0.0] AndroidManifest.xml:9:5-20
MERGED from [com.airbnb.android:lottie:6.0.0] AndroidManifest.xml:9:5-20
MERGED from [com.google.android.material:material:1.9.0] AndroidManifest.xml:24:5-20
MERGED from [com.google.android.material:material:1.9.0] AndroidManifest.xml:24:5-20
MERGED from [androidx.constraintlayout:constraintlayout:2.1.4] AndroidManifest.xml:9:5-20
MERGED from [androidx.constraintlayout:constraintlayout:2.1.4] AndroidManifest.xml:9:5-20
MERGED from [com.google.firebase:firebase-auth:21.0.3] AndroidManifest.xml:26:5-71:19
MERGED from [com.google.firebase:firebase-auth:21.0.3] AndroidManifest.xml:26:5-71:19
MERGED from [com.google.firebase:firebase-database:20.0.4] AndroidManifest.xml:28:5-36:19
MERGED from [com.google.firebase:firebase-database:20.0.4] AndroidManifest.xml:28:5-36:19
MERGED from [com.google.android.gms:play-services-maps:18.1.0] AndroidManifest.xml:36:5-42:19
MERGED from [com.google.android.gms:play-services-maps:18.1.0] AndroidManifest.xml:36:5-42:19
MERGED from [com.google.android.gms:play-services-location:19.0.0] AndroidManifest.xml:7:5-20
MERGED from [com.google.android.gms:play-services-location:19.0.0] AndroidManifest.xml:7:5-20
MERGED from [com.google.android.gms:play-services-safetynet:17.0.0] AndroidManifest.xml:22:5-20
MERGED from [com.google.android.gms:play-services-safetynet:17.0.0] AndroidManifest.xml:22:5-20
MERGED from [com.google.firebase:firebase-auth-interop:20.0.0] AndroidManifest.xml:7:5-8:19
MERGED from [com.google.firebase:firebase-auth-interop:20.0.0] AndroidManifest.xml:7:5-8:19
MERGED from [com.google.firebase:firebase-appcheck-interop:16.0.0-beta02] AndroidManifest.xml:24:5-20
MERGED from [com.google.firebase:firebase-appcheck-interop:16.0.0-beta02] AndroidManifest.xml:24:5-20
MERGED from [com.google.firebase:firebase-common:20.1.0] AndroidManifest.xml:25:5-38:19
MERGED from [com.google.firebase:firebase-common:20.1.0] AndroidManifest.xml:25:5-38:19
MERGED from [com.google.android.gms:play-services-base:18.0.1] AndroidManifest.xml:19:5-23:19
MERGED from [com.google.android.gms:play-services-base:18.0.1] AndroidManifest.xml:19:5-23:19
MERGED from [com.google.android.gms:play-services-tasks:18.0.1] AndroidManifest.xml:5:5-20
MERGED from [com.google.android.gms:play-services-tasks:18.0.1] AndroidManifest.xml:5:5-20
MERGED from [com.google.android.gms:play-services-places-placereport:17.0.0] AndroidManifest.xml:22:5-20
MERGED from [com.google.android.gms:play-services-places-placereport:17.0.0] AndroidManifest.xml:22:5-20
MERGED from [com.google.android.gms:play-services-basement:18.0.0] AndroidManifest.xml:20:5-24:19
MERGED from [com.google.android.gms:play-services-basement:18.0.0] AndroidManifest.xml:20:5-24:19
MERGED from [androidx.emoji2:emoji2:1.2.0] AndroidManifest.xml:23:5-33:19
MERGED from [androidx.emoji2:emoji2:1.2.0] AndroidManifest.xml:23:5-33:19
MERGED from [androidx.core:core:1.9.0] AndroidManifest.xml:28:5-89
MERGED from [androidx.core:core:1.9.0] AndroidManifest.xml:28:5-89
MERGED from [androidx.lifecycle:lifecycle-process:2.4.1] AndroidManifest.xml:25:5-35:19
MERGED from [androidx.lifecycle:lifecycle-process:2.4.1] AndroidManifest.xml:25:5-35:19
MERGED from [androidx.startup:startup-runtime:1.1.1] AndroidManifest.xml:25:5-31:19
MERGED from [androidx.startup:startup-runtime:1.1.1] AndroidManifest.xml:25:5-31:19
MERGED from [androidx.versionedparcelable:versionedparcelable:1.1.1] AndroidManifest.xml:24:5-25:19
MERGED from [androidx.versionedparcelable:versionedparcelable:1.1.1] AndroidManifest.xml:24:5-25:19
	android:extractNativeLibs
		INJECTED from src/main/AndroidManifest.xml
	android:appComponentFactory
		ADDED from [androidx.core:core:1.9.0] AndroidManifest.xml:28:18-86
	android:supportsRtl
		ADDED from src/main/AndroidManifest.xml:17:9-35
	android:label
		ADDED from src/main/AndroidManifest.xml:15:9-41
	android:fullBackupContent
		ADDED from src/main/AndroidManifest.xml:13:9-54
	android:roundIcon
		ADDED from src/main/AndroidManifest.xml:16:9-54
	tools:targetApi
		ADDED from src/main/AndroidManifest.xml:19:9-29
	android:icon
		ADDED from src/main/AndroidManifest.xml:14:9-43
	android:allowBackup
		ADDED from src/main/AndroidManifest.xml:11:9-35
	android:theme
		ADDED from src/main/AndroidManifest.xml:18:9-40
	android:dataExtractionRules
		ADDED from src/main/AndroidManifest.xml:12:9-65
activity#com.evently.eventlyapp.Activities.AdminActivity
ADDED from src/main/AndroidManifest.xml:20:9-24:48
	android:label
		ADDED from src/main/AndroidManifest.xml:23:13-46
	android:exported
		ADDED from src/main/AndroidManifest.xml:22:13-37
	android:theme
		ADDED from src/main/AndroidManifest.xml:24:13-45
	android:name
		ADDED from src/main/AndroidManifest.xml:21:13-53
activity#com.evently.eventlyapp.Activities.EditorEventEditActivity
ADDED from src/main/AndroidManifest.xml:25:9-30:55
	android:label
		ADDED from src/main/AndroidManifest.xml:28:13-39
	android:windowSoftInputMode
		ADDED from src/main/AndroidManifest.xml:30:13-52
	android:exported
		ADDED from src/main/AndroidManifest.xml:27:13-37
	android:theme
		ADDED from src/main/AndroidManifest.xml:29:13-45
	android:name
		ADDED from src/main/AndroidManifest.xml:26:13-63
meta-data#com.google.android.geo.API_KEY
ADDED from src/main/AndroidManifest.xml:33:9-35:59
	android:value
		ADDED from src/main/AndroidManifest.xml:35:13-56
	android:name
		ADDED from src/main/AndroidManifest.xml:34:13-58
activity#com.evently.eventlyapp.Activities.AddEventActivity
ADDED from src/main/AndroidManifest.xml:37:9-42:55
	android:label
		ADDED from src/main/AndroidManifest.xml:40:13-42
	android:windowSoftInputMode
		ADDED from src/main/AndroidManifest.xml:42:13-52
	android:exported
		ADDED from src/main/AndroidManifest.xml:39:13-37
	android:theme
		ADDED from src/main/AndroidManifest.xml:41:13-45
	android:name
		ADDED from src/main/AndroidManifest.xml:38:13-56
activity#com.evently.eventlyapp.Activities.EditorActivity
ADDED from src/main/AndroidManifest.xml:43:9-47:48
	android:label
		ADDED from src/main/AndroidManifest.xml:46:13-47
	android:exported
		ADDED from src/main/AndroidManifest.xml:45:13-37
	android:theme
		ADDED from src/main/AndroidManifest.xml:47:13-45
	android:name
		ADDED from src/main/AndroidManifest.xml:44:13-54
activity#com.evently.eventlyapp.Activities.MainActivity
ADDED from src/main/AndroidManifest.xml:48:9-50:40
	android:exported
		ADDED from src/main/AndroidManifest.xml:50:13-37
	android:name
		ADDED from src/main/AndroidManifest.xml:49:13-52
activity#com.evently.eventlyapp.Activities.LoginActivity
ADDED from src/main/AndroidManifest.xml:51:9-61:20
	android:exported
		ADDED from src/main/AndroidManifest.xml:53:13-36
	android:name
		ADDED from src/main/AndroidManifest.xml:52:13-53
activity#com.evently.eventlyapp.Activities.ProfileActivity
ADDED from src/main/AndroidManifest.xml:62:9-64
	android:name
		ADDED from src/main/AndroidManifest.xml:62:19-61
activity#com.evently.eventlyapp.Activities.RegisterActivity
ADDED from src/main/AndroidManifest.xml:63:9-65
	android:name
		ADDED from src/main/AndroidManifest.xml:63:19-62
activity#com.evently.eventlyapp.Activities.VisitorHomeActivity
ADDED from src/main/AndroidManifest.xml:64:9-68
	android:name
		ADDED from src/main/AndroidManifest.xml:64:19-65
activity#com.evently.eventlyapp.Activities.EditorHomeActivity
ADDED from src/main/AndroidManifest.xml:65:9-67
	android:name
		ADDED from src/main/AndroidManifest.xml:65:19-64
activity#com.evently.eventlyapp.Activities.AdminHomeActivity
ADDED from src/main/AndroidManifest.xml:66:9-66
	android:name
		ADDED from src/main/AndroidManifest.xml:66:19-63
activity#com.evently.eventlyapp.Activities.WelcomeActivity
ADDED from src/main/AndroidManifest.xml:67:9-75:20
	android:exported
		ADDED from src/main/AndroidManifest.xml:69:13-36
	android:name
		ADDED from src/main/AndroidManifest.xml:68:13-55
intent-filter#action:name:android.intent.action.MAIN+category:name:android.intent.category.LAUNCHER
ADDED from src/main/AndroidManifest.xml:70:13-74:29
action#android.intent.action.MAIN
ADDED from src/main/AndroidManifest.xml:71:17-69
	android:name
		ADDED from src/main/AndroidManifest.xml:71:25-66
category#android.intent.category.LAUNCHER
ADDED from src/main/AndroidManifest.xml:73:17-77
	android:name
		ADDED from src/main/AndroidManifest.xml:73:27-74
uses-sdk
INJECTED from src/main/AndroidManifest.xml reason: use-sdk injection requested
INJECTED from src/main/AndroidManifest.xml
INJECTED from src/main/AndroidManifest.xml
MERGED from [com.airbnb.android:lottie:6.0.0] AndroidManifest.xml:5:5-7:41
MERGED from [com.airbnb.android:lottie:6.0.0] AndroidManifest.xml:5:5-7:41
MERGED from [com.google.android.material:material:1.9.0] AndroidManifest.xml:20:5-22:41
MERGED from [com.google.android.material:material:1.9.0] AndroidManifest.xml:20:5-22:41
MERGED from [androidx.constraintlayout:constraintlayout:2.1.4] AndroidManifest.xml:5:5-7:41
MERGED from [androidx.constraintlayout:constraintlayout:2.1.4] AndroidManifest.xml:5:5-7:41
MERGED from [androidx.appcompat:appcompat-resources:1.6.1] AndroidManifest.xml:20:5-44
MERGED from [androidx.appcompat:appcompat-resources:1.6.1] AndroidManifest.xml:20:5-44
MERGED from [androidx.appcompat:appcompat:1.6.1] AndroidManifest.xml:20:5-44
MERGED from [androidx.appcompat:appcompat:1.6.1] AndroidManifest.xml:20:5-44
MERGED from [com.google.firebase:firebase-auth:21.0.3] AndroidManifest.xml:21:5-44
MERGED from [com.google.firebase:firebase-auth:21.0.3] AndroidManifest.xml:21:5-44
MERGED from [com.google.firebase:firebase-database:20.0.4] AndroidManifest.xml:19:5-21:41
MERGED from [com.google.firebase:firebase-database:20.0.4] AndroidManifest.xml:19:5-21:41
MERGED from [com.google.android.gms:play-services-maps:18.1.0] AndroidManifest.xml:20:5-44
MERGED from [com.google.android.gms:play-services-maps:18.1.0] AndroidManifest.xml:20:5-44
MERGED from [com.google.android.gms:play-services-location:19.0.0] AndroidManifest.xml:5:5-44
MERGED from [com.google.android.gms:play-services-location:19.0.0] AndroidManifest.xml:5:5-44
MERGED from [androidx.viewpager2:viewpager2:1.0.0] AndroidManifest.xml:20:5-22:41
MERGED from [androidx.viewpager2:viewpager2:1.0.0] AndroidManifest.xml:20:5-22:41
MERGED from [com.google.android.gms:play-services-auth-api-phone:17.4.0] AndroidManifest.xml:5:5-44
MERGED from [com.google.android.gms:play-services-auth-api-phone:17.4.0] AndroidManifest.xml:5:5-44
MERGED from [com.google.android.gms:play-services-safetynet:17.0.0] AndroidManifest.xml:20:5-44
MERGED from [com.google.android.gms:play-services-safetynet:17.0.0] AndroidManifest.xml:20:5-44
MERGED from [com.google.firebase:firebase-auth-interop:20.0.0] AndroidManifest.xml:5:5-44
MERGED from [com.google.firebase:firebase-auth-interop:20.0.0] AndroidManifest.xml:5:5-44
MERGED from [com.google.firebase:firebase-appcheck-interop:16.0.0-beta02] AndroidManifest.xml:19:5-21:41
MERGED from [com.google.firebase:firebase-appcheck-interop:16.0.0-beta02] AndroidManifest.xml:19:5-21:41
MERGED from [com.google.firebase:firebase-common:20.1.0] AndroidManifest.xml:20:5-22:41
MERGED from [com.google.firebase:firebase-common:20.1.0] AndroidManifest.xml:20:5-22:41
MERGED from [com.google.firebase:firebase-database-collection:18.0.1] AndroidManifest.xml:5:5-7:41
MERGED from [com.google.firebase:firebase-database-collection:18.0.1] AndroidManifest.xml:5:5-7:41
MERGED from [com.google.android.gms:play-services-base:18.0.1] AndroidManifest.xml:18:5-43
MERGED from [com.google.android.gms:play-services-base:18.0.1] AndroidManifest.xml:18:5-43
MERGED from [com.google.android.gms:play-services-tasks:18.0.1] AndroidManifest.xml:4:5-43
MERGED from [com.google.android.gms:play-services-tasks:18.0.1] AndroidManifest.xml:4:5-43
MERGED from [com.google.android.gms:play-services-places-placereport:17.0.0] AndroidManifest.xml:20:5-44
MERGED from [com.google.android.gms:play-services-places-placereport:17.0.0] AndroidManifest.xml:20:5-44
MERGED from [com.google.android.gms:play-services-basement:18.0.0] AndroidManifest.xml:18:5-43
MERGED from [com.google.android.gms:play-services-basement:18.0.0] AndroidManifest.xml:18:5-43
MERGED from [androidx.fragment:fragment:1.3.6] AndroidManifest.xml:20:5-22:41
MERGED from [androidx.fragment:fragment:1.3.6] AndroidManifest.xml:20:5-22:41
MERGED from [androidx.activity:activity:1.6.0] AndroidManifest.xml:20:5-44
MERGED from [androidx.activity:activity:1.6.0] AndroidManifest.xml:20:5-44
MERGED from [androidx.emoji2:emoji2-views-helper:1.2.0] AndroidManifest.xml:5:5-44
MERGED from [androidx.emoji2:emoji2-views-helper:1.2.0] AndroidManifest.xml:5:5-44
MERGED from [androidx.emoji2:emoji2:1.2.0] AndroidManifest.xml:21:5-44
MERGED from [androidx.emoji2:emoji2:1.2.0] AndroidManifest.xml:21:5-44
MERGED from [androidx.browser:browser:1.0.0] AndroidManifest.xml:20:5-44
MERGED from [androidx.browser:browser:1.0.0] AndroidManifest.xml:20:5-44
MERGED from [androidx.legacy:legacy-support-core-ui:1.0.0] AndroidManifest.xml:20:5-44
MERGED from [androidx.legacy:legacy-support-core-ui:1.0.0] AndroidManifest.xml:20:5-44
MERGED from [androidx.drawerlayout:drawerlayout:1.1.1] AndroidManifest.xml:20:5-22:41
MERGED from [androidx.drawerlayout:drawerlayout:1.1.1] AndroidManifest.xml:20:5-22:41
MERGED from [androidx.coordinatorlayout:coordinatorlayout:1.1.0] AndroidManifest.xml:20:5-22:41
MERGED from [androidx.coordinatorlayout:coordinatorlayout:1.1.0] AndroidManifest.xml:20:5-22:41
MERGED from [androidx.dynamicanimation:dynamicanimation:1.0.0] AndroidManifest.xml:20:5-44
MERGED from [androidx.dynamicanimation:dynamicanimation:1.0.0] AndroidManifest.xml:20:5-44
MERGED from [androidx.transition:transition:1.2.0] AndroidManifest.xml:20:5-22:41
MERGED from [androidx.transition:transition:1.2.0] AndroidManifest.xml:20:5-22:41
MERGED from [androidx.vectordrawable:vectordrawable-animated:1.1.0] AndroidManifest.xml:20:5-22:41
MERGED from [androidx.vectordrawable:vectordrawable-animated:1.1.0] AndroidManifest.xml:20:5-22:41
MERGED from [androidx.vectordrawable:vectordrawable:1.1.0] AndroidManifest.xml:20:5-22:41
MERGED from [androidx.vectordrawable:vectordrawable:1.1.0] AndroidManifest.xml:20:5-22:41
MERGED from [androidx.legacy:legacy-support-core-utils:1.0.0] AndroidManifest.xml:20:5-44
MERGED from [androidx.legacy:legacy-support-core-utils:1.0.0] AndroidManifest.xml:20:5-44
MERGED from [androidx.loader:loader:1.0.0] AndroidManifest.xml:20:5-44
MERGED from [androidx.loader:loader:1.0.0] AndroidManifest.xml:20:5-44
MERGED from [androidx.lifecycle:lifecycle-viewmodel:2.5.1] AndroidManifest.xml:20:5-22:41
MERGED from [androidx.lifecycle:lifecycle-viewmodel:2.5.1] AndroidManifest.xml:20:5-22:41
MERGED from [androidx.lifecycle:lifecycle-viewmodel-savedstate:2.5.1] AndroidManifest.xml:20:5-22:41
MERGED from [androidx.lifecycle:lifecycle-viewmodel-savedstate:2.5.1] AndroidManifest.xml:20:5-22:41
MERGED from [androidx.core:core-ktx:1.9.0] AndroidManifest.xml:5:5-44
MERGED from [androidx.core:core-ktx:1.9.0] AndroidManifest.xml:5:5-44
MERGED from [androidx.viewpager:viewpager:1.0.0] AndroidManifest.xml:20:5-44
MERGED from [androidx.viewpager:viewpager:1.0.0] AndroidManifest.xml:20:5-44
MERGED from [androidx.recyclerview:recyclerview:1.1.0] AndroidManifest.xml:20:5-22:41
MERGED from [androidx.recyclerview:recyclerview:1.1.0] AndroidManifest.xml:20:5-22:41
MERGED from [androidx.slidingpanelayout:slidingpanelayout:1.0.0] AndroidManifest.xml:20:5-44
MERGED from [androidx.slidingpanelayout:slidingpanelayout:1.0.0] AndroidManifest.xml:20:5-44
MERGED from [androidx.customview:customview:1.1.0] AndroidManifest.xml:20:5-22:41
MERGED from [androidx.customview:customview:1.1.0] AndroidManifest.xml:20:5-22:41
MERGED from [androidx.swiperefreshlayout:swiperefreshlayout:1.0.0] AndroidManifest.xml:20:5-44
MERGED from [androidx.swiperefreshlayout:swiperefreshlayout:1.0.0] AndroidManifest.xml:20:5-44
MERGED from [androidx.asynclayoutinflater:asynclayoutinflater:1.0.0] AndroidManifest.xml:20:5-44
MERGED from [androidx.asynclayoutinflater:asynclayoutinflater:1.0.0] AndroidManifest.xml:20:5-44
MERGED from [androidx.core:core:1.9.0] AndroidManifest.xml:20:5-44
MERGED from [androidx.core:core:1.9.0] AndroidManifest.xml:20:5-44
MERGED from [androidx.cursoradapter:cursoradapter:1.0.0] AndroidManifest.xml:20:5-44
MERGED from [androidx.cursoradapter:cursoradapter:1.0.0] AndroidManifest.xml:20:5-44
MERGED from [androidx.lifecycle:lifecycle-process:2.4.1] AndroidManifest.xml:21:5-23:41
MERGED from [androidx.lifecycle:lifecycle-process:2.4.1] AndroidManifest.xml:21:5-23:41
MERGED from [androidx.lifecycle:lifecycle-runtime:2.5.1] AndroidManifest.xml:20:5-22:41
MERGED from [androidx.lifecycle:lifecycle-runtime:2.5.1] AndroidManifest.xml:20:5-22:41
MERGED from [androidx.savedstate:savedstate:1.2.0] AndroidManifest.xml:20:5-22:41
MERGED from [androidx.savedstate:savedstate:1.2.0] AndroidManifest.xml:20:5-22:41
MERGED from [androidx.cardview:cardview:1.0.0] AndroidManifest.xml:20:5-44
MERGED from [androidx.cardview:cardview:1.0.0] AndroidManifest.xml:20:5-44
MERGED from [androidx.localbroadcastmanager:localbroadcastmanager:1.0.0] AndroidManifest.xml:20:5-44
MERGED from [androidx.localbroadcastmanager:localbroadcastmanager:1.0.0] AndroidManifest.xml:20:5-44
MERGED from [com.google.firebase:firebase-components:17.0.0] AndroidManifest.xml:19:5-21:41
MERGED from [com.google.firebase:firebase-components:17.0.0] AndroidManifest.xml:19:5-21:41
MERGED from [androidx.startup:startup-runtime:1.1.1] AndroidManifest.xml:21:5-23:41
MERGED from [androidx.startup:startup-runtime:1.1.1] AndroidManifest.xml:21:5-23:41
MERGED from [androidx.tracing:tracing:1.0.0] AndroidManifest.xml:20:5-22:41
MERGED from [androidx.tracing:tracing:1.0.0] AndroidManifest.xml:20:5-22:41
MERGED from [androidx.versionedparcelable:versionedparcelable:1.1.1] AndroidManifest.xml:20:5-22:41
MERGED from [androidx.versionedparcelable:versionedparcelable:1.1.1] AndroidManifest.xml:20:5-22:41
MERGED from [androidx.lifecycle:lifecycle-livedata:2.0.0] AndroidManifest.xml:20:5-44
MERGED from [androidx.lifecycle:lifecycle-livedata:2.0.0] AndroidManifest.xml:20:5-44
MERGED from [androidx.lifecycle:lifecycle-livedata-core:2.5.1] AndroidManifest.xml:20:5-22:41
MERGED from [androidx.lifecycle:lifecycle-livedata-core:2.5.1] AndroidManifest.xml:20:5-22:41
MERGED from [androidx.arch.core:core-runtime:2.1.0] AndroidManifest.xml:20:5-22:41
MERGED from [androidx.arch.core:core-runtime:2.1.0] AndroidManifest.xml:20:5-22:41
MERGED from [androidx.interpolator:interpolator:1.0.0] AndroidManifest.xml:20:5-44
MERGED from [androidx.interpolator:interpolator:1.0.0] AndroidManifest.xml:20:5-44
MERGED from [androidx.documentfile:documentfile:1.0.0] AndroidManifest.xml:20:5-44
MERGED from [androidx.documentfile:documentfile:1.0.0] AndroidManifest.xml:20:5-44
MERGED from [androidx.print:print:1.0.0] AndroidManifest.xml:20:5-44
MERGED from [androidx.print:print:1.0.0] AndroidManifest.xml:20:5-44
MERGED from [androidx.annotation:annotation-experimental:1.3.0] AndroidManifest.xml:20:5-44
MERGED from [androidx.annotation:annotation-experimental:1.3.0] AndroidManifest.xml:20:5-44
	android:targetSdkVersion
		INJECTED from src/main/AndroidManifest.xml
	android:minSdkVersion
		INJECTED from src/main/AndroidManifest.xml
activity#com.google.firebase.auth.internal.GenericIdpActivity
ADDED from [com.google.firebase:firebase-auth:21.0.3] AndroidManifest.xml:27:9-44:20
	android:excludeFromRecents
		ADDED from [com.google.firebase:firebase-auth:21.0.3] AndroidManifest.xml:29:13-46
	android:launchMode
		ADDED from [com.google.firebase:firebase-auth:21.0.3] AndroidManifest.xml:31:13-44
	android:exported
		ADDED from [com.google.firebase:firebase-auth:21.0.3] AndroidManifest.xml:30:13-36
	android:theme
		ADDED from [com.google.firebase:firebase-auth:21.0.3] AndroidManifest.xml:32:13-72
	android:name
		ADDED from [com.google.firebase:firebase-auth:21.0.3] AndroidManifest.xml:28:13-80
intent-filter#action:name:android.intent.action.VIEW+category:name:android.intent.category.BROWSABLE+category:name:android.intent.category.DEFAULT+data:host:firebase.auth+data:path:/+data:scheme:genericidp
ADDED from [com.google.firebase:firebase-auth:21.0.3] AndroidManifest.xml:33:13-43:29
action#android.intent.action.VIEW
ADDED from [com.google.firebase:firebase-auth:21.0.3] AndroidManifest.xml:34:17-69
	android:name
		ADDED from [com.google.firebase:firebase-auth:21.0.3] AndroidManifest.xml:34:25-66
category#android.intent.category.DEFAULT
ADDED from [com.google.firebase:firebase-auth:21.0.3] AndroidManifest.xml:36:17-76
	android:name
		ADDED from [com.google.firebase:firebase-auth:21.0.3] AndroidManifest.xml:36:27-73
category#android.intent.category.BROWSABLE
ADDED from [com.google.firebase:firebase-auth:21.0.3] AndroidManifest.xml:37:17-78
	android:name
		ADDED from [com.google.firebase:firebase-auth:21.0.3] AndroidManifest.xml:37:27-75
data
ADDED from [com.google.firebase:firebase-auth:21.0.3] AndroidManifest.xml:39:17-42:51
	android:path
		ADDED from [com.google.firebase:firebase-auth:21.0.3] AndroidManifest.xml:41:21-37
	android:host
		ADDED from [com.google.firebase:firebase-auth:21.0.3] AndroidManifest.xml:40:21-49
	android:scheme
		ADDED from [com.google.firebase:firebase-auth:21.0.3] AndroidManifest.xml:42:21-48
activity#com.google.firebase.auth.internal.RecaptchaActivity
ADDED from [com.google.firebase:firebase-auth:21.0.3] AndroidManifest.xml:45:9-62:20
	android:excludeFromRecents
		ADDED from [com.google.firebase:firebase-auth:21.0.3] AndroidManifest.xml:47:13-46
	android:launchMode
		ADDED from [com.google.firebase:firebase-auth:21.0.3] AndroidManifest.xml:49:13-44
	android:exported
		ADDED from [com.google.firebase:firebase-auth:21.0.3] AndroidManifest.xml:48:13-36
	android:theme
		ADDED from [com.google.firebase:firebase-auth:21.0.3] AndroidManifest.xml:50:13-72
	android:name
		ADDED from [com.google.firebase:firebase-auth:21.0.3] AndroidManifest.xml:46:13-79
intent-filter#action:name:android.intent.action.VIEW+category:name:android.intent.category.BROWSABLE+category:name:android.intent.category.DEFAULT+data:host:firebase.auth+data:path:/+data:scheme:recaptcha